1705496556721:addStudent
1705496564240:aaa 5
1705498285215:addStudent qwe 5
1705498294038:qwe 5
1705498606309:addStudent sddd 7
1705498613951:fff 6
1705498717989:i ddd 5
1705498910141:i rfgh 9
1705498923050:i ggg 4
1705499155423:i ttt 8
1705499164252:i hhhh 8
1705499404822:i qqq 7
1705499420205:i aaa 5
1705501071910:i rrrrrrrr 8
1705501098044:d 1rrrrrrrr8
1705501111481:d tttt
1705501729930:i qqq 6
1705501737656:d 1qqq6
1705583499046:c qqq 11
1705583513360:c zxc 33
1705583519248:a
1705584134541:d 2zxc33
1705584138836:a
1705917013511:c
1705917025323:c qaz 4
1705924746284:n
1705927501639:c ddd 8
1705928971279:n
1705931922677:c
1705931958259:c hh 9
1705932268920:c
1705932276528:c 55 65765
1705932383189:c dfd 6
1705933936219:c gdf ff
1705933949703:c ttt 7
1705934217622:c
1705934223773:c ff 6
1706085247365:c
1706085254232:c ddd 6
1706088977822:c sd 5
1707810134797:c
1707810149391:c qazxs 22
1710505857359:c sd 4
1710506396167:asdas 6
1710506854374:c asdasd 5
1710506866239:c dfgdf 8
1710506879790:c fffffff 6
1710506885907:a
1710506898644:d 3
1710506902323:a
1710506913868:d 1
1710506920145:a
1710507176601:c ee 6
1710507356643:c dfsdsf 6
1710510869293:c dgsd
1710510892327:c ddd 5
1710747384404:c dd r
1710747393255:c sfdf 5
1710747539447:c gg 5
1710749729570:c 444 t5
1710749737336:c ddd 5
1710749777785:c ds 5
1710750042843:c dd 6
1710750065070:c dsd 6
1710753156941:c fff 9
1710753385992:c dd5 8
1710753613746:c hgh 7
1710754020637:c fdg 6
1710754438573:c dsfkjsdfkjlsdfkjl 8
1710755261186:c dfsdf 5
1710765021070:c sdfsdf 6
1710765123497:c fff 5
1710765165573:c 343 5
1710765318785:c
1710765386814:c 44 6
1710765433574:c dfgd 6
1710765561015:fdg
1710765728784:c fff 6
1710765834566:c 655 5
1710765910962:с ывавыа 5
1710766002466:c
1710766029809:c fsdf 6
1710766043472:d 6
1710766124737:c sdfsd 6
1711373845971:c dgdfg 7
1711373874250:c sfs 6
1711376944364:c sfsd 4
1711376948442:a
